<?xml version="1.0" encoding="UTF-8"?>
<!-- Generated by org.testng.reporters.JUnitXMLReporter -->
<testsuite ignored="0" hostname="DESKTOP-C4NNM2J" failures="2" tests="2" name="Test_In_Chrome" time="16.875" errors="0" timestamp="2023-03-07T17:53:46 GMT">
  <testcase classname="io.cucumber.testng.AbstractTestNGCucumberTests" name="runScenario" time="2.819">
    <failure type="java.lang.AssertionError" message="expected [true] but found [false]">
      <![CDATA[java.lang.AssertionError: expected [true] but found [false]
at com.steps.pages.LoginPage.userCredentialsCheck(LoginPage.java:51)
at ✽.The login page should display error with fail status(file:///C:/Users/17kri/eclipse-workspace/QAAutomationTask/src/main/java/features/Login.feature:8)
... Removed 4 stack frames]]>
    </failure>
  </testcase> <!-- runScenario -->
  <testcase classname="io.cucumber.testng.AbstractTestNGCucumberTests" name="runScenario" time="2.816">
    <failure type="java.lang.AssertionError" message="expected [true] but found [false]">
      <![CDATA[java.lang.AssertionError: expected [true] but found [false]
at com.steps.pages.ForgotPassword.forgotPAssword(ForgotPassword.java:35)
at ✽.The forgot page should display error with fail status(file:///C:/Users/17kri/eclipse-workspace/QAAutomationTask/src/main/java/features/Login.feature:15)
... Removed 4 stack frames]]>
    </failure>
  </testcase> <!-- runScenario -->
</testsuite> <!-- Test_In_Chrome -->
