<?xml version="1.0" encoding="UTF-8"?>
<testng-results ignored="0" total="2" passed="0" failed="2" skipped="0">
  <reporter-output>
  </reporter-output>
  <suite started-at="2023-03-07T17:53:29 GMT" name="Suite" finished-at="2023-03-07T17:53:46 GMT" duration-ms="16875">
    <groups>
      <group name="cucumber">
        <method signature="AbstractTestNGCucumberTests.runScenario(io.cucumber.testng.PickleWrapper, io.cucumber.testng.FeatureWrapper)[pri:0, instance:com.testcases.Tests_LoginModule@783a467b]" name="runScenario" class="io.cucumber.testng.AbstractTestNGCucumberTests"/>
      </group> <!-- cucumber -->
    </groups>
    <test started-at="2023-03-07T17:53:29 GMT" name="Test_In_Chrome" finished-at="2023-03-07T17:53:46 GMT" duration-ms="16875">
      <class name="com.testcases.Tests_LoginModule">
        <test-method is-config="true" signature="beginReport()[pri:0, instance:com.testcases.Tests_LoginModule@783a467b]" started-at="2023-03-07T17:53:29 GMT" name="beginReport" finished-at="2023-03-07T17:53:29 GMT" duration-ms="261" status="PASS">
          <reporter-output>
          </reporter-output>
        </test-method> <!-- beginReport -->
        <test-method is-config="true" signature="setValues()[pri:0, instance:com.testcases.Tests_LoginModule@783a467b]" started-at="2023-03-07T17:53:29 GMT" name="setValues" finished-at="2023-03-07T17:53:29 GMT" duration-ms="0" status="PASS">
          <reporter-output>
          </reporter-output>
        </test-method> <!-- setValues -->
        <test-method is-config="true" signature="setUpClass()[pri:0, instance:com.testcases.Tests_LoginModule@783a467b]" started-at="2023-03-07T17:53:29 GMT" name="setUpClass" finished-at="2023-03-07T17:53:30 GMT" duration-ms="569" status="PASS">
          <reporter-output>
          </reporter-output>
        </test-method> <!-- setUpClass -->
        <test-method is-config="true" signature="report()[pri:0, instance:com.testcases.Tests_LoginModule@783a467b]" started-at="2023-03-07T17:53:30 GMT" name="report" finished-at="2023-03-07T17:53:30 GMT" duration-ms="7" status="PASS">
          <reporter-output>
          </reporter-output>
        </test-method> <!-- report -->
        <test-method is-config="true" signature="initiateApp(java.lang.String)[pri:0, instance:com.testcases.Tests_LoginModule@783a467b]" started-at="2023-03-07T17:53:30 GMT" name="initiateApp" finished-at="2023-03-07T17:53:36 GMT" duration-ms="6541" status="PASS">
          <params>
            <param index="0">
              <value>
                <![CDATA[chrome]]>
              </value>
            </param>
          </params>
          <reporter-output>
          </reporter-output>
        </test-method> <!-- initiateApp -->
        <test-method signature="runScenario(io.cucumber.testng.PickleWrapper, io.cucumber.testng.FeatureWrapper)[pri:0, instance:com.testcases.Tests_LoginModule@783a467b]" started-at="2023-03-07T17:53:36 GMT" name="runScenario" description="Runs Cucumber Scenarios" data-provider="scenarios" finished-at="2023-03-07T17:53:39 GMT" duration-ms="2819" status="FAIL">
          <params>
            <param index="0">
              <value>
                <![CDATA["Validate the login functionality for invalid email and password"]]>
              </value>
            </param>
            <param index="1">
              <value>
                <![CDATA["Optional[Login functionality of QA Automation Task]"]]>
              </value>
            </param>
          </params>
          <exception class="java.lang.AssertionError">
            <message>
              <![CDATA[expected [true] but found [false]]]>
            </message>
            <full-stacktrace>
              <![CDATA[java.lang.AssertionError: expected [true] but found [false]
at org.testng.Assert.fail(Assert.java:99)
at org.testng.Assert.failNotEquals(Assert.java:1037)
at org.testng.Assert.assertTrue(Assert.java:45)
at org.testng.Assert.assertTrue(Assert.java:55)
at com.steps.pages.LoginPage.userCredentialsCheck(LoginPage.java:51)
at ✽.The login page should display error with fail status(file:///C:/Users/17kri/eclipse-workspace/QAAutomationTask/src/main/java/features/Login.feature:8)
]]>
            </full-stacktrace>
          </exception> <!-- java.lang.AssertionError -->
          <reporter-output>
          </reporter-output>
        </test-method> <!-- runScenario -->
        <test-method is-config="true" signature="closeApp()[pri:0, instance:com.testcases.Tests_LoginModule@783a467b]" started-at="2023-03-07T17:53:39 GMT" name="closeApp" finished-at="2023-03-07T17:53:40 GMT" duration-ms="365" status="PASS">
          <reporter-output>
          </reporter-output>
        </test-method> <!-- closeApp -->
        <test-method is-config="true" signature="initiateApp(java.lang.String)[pri:0, instance:com.testcases.Tests_LoginModule@783a467b]" started-at="2023-03-07T17:53:40 GMT" name="initiateApp" finished-at="2023-03-07T17:53:43 GMT" duration-ms="3408" status="PASS">
          <params>
            <param index="0">
              <value>
                <![CDATA[chrome]]>
              </value>
            </param>
          </params>
          <reporter-output>
          </reporter-output>
        </test-method> <!-- initiateApp -->
        <test-method signature="runScenario(io.cucumber.testng.PickleWrapper, io.cucumber.testng.FeatureWrapper)[pri:0, instance:com.testcases.Tests_LoginModule@783a467b]" started-at="2023-03-07T17:53:43 GMT" name="runScenario" description="Runs Cucumber Scenarios" data-provider="scenarios" finished-at="2023-03-07T17:53:46 GMT" duration-ms="2816" status="FAIL">
          <params>
            <param index="0">
              <value>
                <![CDATA["Validate the forgot Password functionality for invalid email"]]>
              </value>
            </param>
            <param index="1">
              <value>
                <![CDATA["Optional[Login functionality of QA Automation Task]"]]>
              </value>
            </param>
          </params>
          <exception class="java.lang.AssertionError">
            <message>
              <![CDATA[expected [true] but found [false]]]>
            </message>
            <full-stacktrace>
              <![CDATA[java.lang.AssertionError: expected [true] but found [false]
at org.testng.Assert.fail(Assert.java:99)
at org.testng.Assert.failNotEquals(Assert.java:1037)
at org.testng.Assert.assertTrue(Assert.java:45)
at org.testng.Assert.assertTrue(Assert.java:55)
at com.steps.pages.ForgotPassword.forgotPAssword(ForgotPassword.java:35)
at ✽.The forgot page should display error with fail status(file:///C:/Users/17kri/eclipse-workspace/QAAutomationTask/src/main/java/features/Login.feature:15)
]]>
            </full-stacktrace>
          </exception> <!-- java.lang.AssertionError -->
          <reporter-output>
          </reporter-output>
        </test-method> <!-- runScenario -->
        <test-method is-config="true" signature="closeApp()[pri:0, instance:com.testcases.Tests_LoginModule@783a467b]" started-at="2023-03-07T17:53:46 GMT" name="closeApp" finished-at="2023-03-07T17:53:46 GMT" duration-ms="266" status="PASS">
          <reporter-output>
          </reporter-output>
        </test-method> <!-- closeApp -->
        <test-method is-config="true" signature="tearDownClass()[pri:0, instance:com.testcases.Tests_LoginModule@783a467b]" started-at="2023-03-07T17:53:46 GMT" name="tearDownClass" finished-at="2023-03-07T17:53:46 GMT" duration-ms="19" status="PASS">
          <reporter-output>
          </reporter-output>
        </test-method> <!-- tearDownClass -->
        <test-method is-config="true" signature="endReport()[pri:0, instance:com.testcases.Tests_LoginModule@783a467b]" started-at="2023-03-07T17:53:46 GMT" name="endReport" finished-at="2023-03-07T17:53:47 GMT" duration-ms="546" status="PASS">
          <reporter-output>
          </reporter-output>
        </test-method> <!-- endReport -->
      </class> <!-- com.testcases.Tests_LoginModule -->
    </test> <!-- Test_In_Chrome -->
  </suite> <!-- Suite -->
</testng-results>
