<?xml version="1.0" encoding="UTF-8"?>
<testng-results ignored="0" total="2" passed="0" failed="2" skipped="0">
  <reporter-output>
  </reporter-output>
  <suite started-at="2023-03-07T17:58:56 GMT" name="Suite" finished-at="2023-03-07T17:59:14 GMT" duration-ms="18110">
    <groups>
      <group name="cucumber">
        <method signature="AbstractTestNGCucumberTests.runScenario(io.cucumber.testng.PickleWrapper, io.cucumber.testng.FeatureWrapper)[pri:0, instance:com.testcases.Tests_LoginModule@6221a451]" name="runScenario" class="io.cucumber.testng.AbstractTestNGCucumberTests"/>
      </group> <!-- cucumber -->
    </groups>
    <test started-at="2023-03-07T17:58:56 GMT" name="Test_In_Chrome" finished-at="2023-03-07T17:59:14 GMT" duration-ms="18110">
      <class name="com.testcases.Tests_LoginModule">
        <test-method is-config="true" signature="beginReport()[pri:0, instance:com.testcases.Tests_LoginModule@6221a451]" started-at="2023-03-07T17:58:56 GMT" name="beginReport" finished-at="2023-03-07T17:58:56 GMT" duration-ms="376" status="PASS">
          <reporter-output>
          </reporter-output>
        </test-method> <!-- beginReport -->
        <test-method is-config="true" signature="setValues()[pri:0, instance:com.testcases.Tests_LoginModule@6221a451]" started-at="2023-03-07T17:58:56 GMT" name="setValues" finished-at="2023-03-07T17:58:56 GMT" duration-ms="1" status="PASS">
          <reporter-output>
          </reporter-output>
        </test-method> <!-- setValues -->
        <test-method is-config="true" signature="setUpClass()[pri:0, instance:com.testcases.Tests_LoginModule@6221a451]" started-at="2023-03-07T17:58:56 GMT" name="setUpClass" finished-at="2023-03-07T17:58:56 GMT" duration-ms="572" status="PASS">
          <reporter-output>
          </reporter-output>
        </test-method> <!-- setUpClass -->
        <test-method is-config="true" signature="report()[pri:0, instance:com.testcases.Tests_LoginModule@6221a451]" started-at="2023-03-07T17:58:56 GMT" name="report" finished-at="2023-03-07T17:58:56 GMT" duration-ms="5" status="PASS">
          <reporter-output>
          </reporter-output>
        </test-method> <!-- report -->
        <test-method is-config="true" signature="initiateApp(java.lang.String)[pri:0, instance:com.testcases.Tests_LoginModule@6221a451]" started-at="2023-03-07T17:58:57 GMT" name="initiateApp" finished-at="2023-03-07T17:59:03 GMT" duration-ms="6230" status="PASS">
          <params>
            <param index="0">
              <value>
                <![CDATA[chrome]]>
              </value>
            </param>
          </params>
          <reporter-output>
          </reporter-output>
        </test-method> <!-- initiateApp -->
        <test-method signature="runScenario(io.cucumber.testng.PickleWrapper, io.cucumber.testng.FeatureWrapper)[pri:0, instance:com.testcases.Tests_LoginModule@6221a451]" started-at="2023-03-07T17:59:03 GMT" name="runScenario" description="Runs Cucumber Scenarios" data-provider="scenarios" finished-at="2023-03-07T17:59:06 GMT" duration-ms="2820" status="FAIL">
          <params>
            <param index="0">
              <value>
                <![CDATA["Validate the login functionality for invalid email and password"]]>
              </value>
            </param>
            <param index="1">
              <value>
                <![CDATA["Optional[Login functionality of QA Automation Task]"]]>
              </value>
            </param>
          </params>
          <exception class="java.lang.AssertionError">
            <message>
              <![CDATA[expected [true] but found [false]]]>
            </message>
            <full-stacktrace>
              <![CDATA[java.lang.AssertionError: expected [true] but found [false]
at org.testng.Assert.fail(Assert.java:99)
at org.testng.Assert.failNotEquals(Assert.java:1037)
at org.testng.Assert.assertTrue(Assert.java:45)
at org.testng.Assert.assertTrue(Assert.java:55)
at com.steps.pages.LoginPage.userCredentialsCheck(LoginPage.java:51)
at ✽.The login page should display error with fail status(file:///C:/Users/17kri/eclipse-workspace/QAAutomationTask/src/main/java/features/Login.feature:8)
]]>
            </full-stacktrace>
          </exception> <!-- java.lang.AssertionError -->
          <reporter-output>
          </reporter-output>
        </test-method> <!-- runScenario -->
        <test-method is-config="true" signature="closeApp()[pri:0, instance:com.testcases.Tests_LoginModule@6221a451]" started-at="2023-03-07T17:59:06 GMT" name="closeApp" finished-at="2023-03-07T17:59:06 GMT" duration-ms="523" status="PASS">
          <reporter-output>
          </reporter-output>
        </test-method> <!-- closeApp -->
        <test-method is-config="true" signature="initiateApp(java.lang.String)[pri:0, instance:com.testcases.Tests_LoginModule@6221a451]" started-at="2023-03-07T17:59:06 GMT" name="initiateApp" finished-at="2023-03-07T17:59:10 GMT" duration-ms="4339" status="PASS">
          <params>
            <param index="0">
              <value>
                <![CDATA[chrome]]>
              </value>
            </param>
          </params>
          <reporter-output>
          </reporter-output>
        </test-method> <!-- initiateApp -->
        <test-method signature="runScenario(io.cucumber.testng.PickleWrapper, io.cucumber.testng.FeatureWrapper)[pri:0, instance:com.testcases.Tests_LoginModule@6221a451]" started-at="2023-03-07T17:59:10 GMT" name="runScenario" description="Runs Cucumber Scenarios" data-provider="scenarios" finished-at="2023-03-07T17:59:14 GMT" duration-ms="3251" status="FAIL">
          <params>
            <param index="0">
              <value>
                <![CDATA["Validate the forgot Password functionality for invalid email"]]>
              </value>
            </param>
            <param index="1">
              <value>
                <![CDATA["Optional[Login functionality of QA Automation Task]"]]>
              </value>
            </param>
          </params>
          <exception class="java.lang.AssertionError">
            <message>
              <![CDATA[expected [true] but found [false]]]>
            </message>
            <full-stacktrace>
              <![CDATA[java.lang.AssertionError: expected [true] but found [false]
at org.testng.Assert.fail(Assert.java:99)
at org.testng.Assert.failNotEquals(Assert.java:1037)
at org.testng.Assert.assertEqualsImpl(Assert.java:140)
at org.testng.Assert.assertEquals(Assert.java:122)
at org.testng.Assert.assertEquals(Assert.java:819)
at org.testng.Assert.assertEquals(Assert.java:829)
at com.steps.pages.ForgotPassword.forgotPAssword(ForgotPassword.java:35)
at ✽.The forgot page should display error with fail status(file:///C:/Users/17kri/eclipse-workspace/QAAutomationTask/src/main/java/features/Login.feature:15)
]]>
            </full-stacktrace>
          </exception> <!-- java.lang.AssertionError -->
          <reporter-output>
          </reporter-output>
        </test-method> <!-- runScenario -->
        <test-method is-config="true" signature="closeApp()[pri:0, instance:com.testcases.Tests_LoginModule@6221a451]" started-at="2023-03-07T17:59:14 GMT" name="closeApp" finished-at="2023-03-07T17:59:14 GMT" duration-ms="280" status="PASS">
          <reporter-output>
          </reporter-output>
        </test-method> <!-- closeApp -->
        <test-method is-config="true" signature="tearDownClass()[pri:0, instance:com.testcases.Tests_LoginModule@6221a451]" started-at="2023-03-07T17:59:14 GMT" name="tearDownClass" finished-at="2023-03-07T17:59:14 GMT" duration-ms="17" status="PASS">
          <reporter-output>
          </reporter-output>
        </test-method> <!-- tearDownClass -->
        <test-method is-config="true" signature="endReport()[pri:0, instance:com.testcases.Tests_LoginModule@6221a451]" started-at="2023-03-07T17:59:14 GMT" name="endReport" finished-at="2023-03-07T17:59:15 GMT" duration-ms="571" status="PASS">
          <reporter-output>
          </reporter-output>
        </test-method> <!-- endReport -->
      </class> <!-- com.testcases.Tests_LoginModule -->
    </test> <!-- Test_In_Chrome -->
  </suite> <!-- Suite -->
</testng-results>
